Determining if the pthread_create exist failed with the following output:
Change Dir: /media/jintain/wd/weapons/tryit/cmake-build-debug/CMakeFiles/CMakeTmp

Run Build Command:"/usr/bin/make" "cmTC_ad1e3/fast"
/usr/bin/make -f CMakeFiles/cmTC_ad1e3.dir/build.make CMakeFiles/cmTC_ad1e3.dir/build
make[1]: Entering directory '/media/jintain/wd/weapons/tryit/cmake-build-debug/CMakeFiles/CMakeTmp'
Building C object CMakeFiles/cmTC_ad1e3.dir/CheckSymbolExists.c.o
/usr/bin/cc    -o CMakeFiles/cmTC_ad1e3.dir/CheckSymbolExists.c.o   -c /media/jintain/wd/weapons/tryit/cmake-build-debug/CMakeFiles/CMakeTmp/CheckSymbolExists.c
Linking C executable cmTC_ad1e3
/opt/clion-2018.3.3/bin/cmake/linux/bin/cmake -E cmake_link_script CMakeFiles/cmTC_ad1e3.dir/link.txt --verbose=1
/usr/bin/cc      -rdynamic CMakeFiles/cmTC_ad1e3.dir/CheckSymbolExists.c.o  -o cmTC_ad1e3 
CMakeFiles/cmTC_ad1e3.dir/CheckSymbolExists.c.o: In function `main':
CheckSymbolExists.c:(.text+0x1b): undefined reference to `pthread_create'
collect2: error: ld returned 1 exit status
CMakeFiles/cmTC_ad1e3.dir/build.make:86: recipe for target 'cmTC_ad1e3' failed
make[1]: *** [cmTC_ad1e3] Error 1
make[1]: Leaving directory '/media/jintain/wd/weapons/tryit/cmake-build-debug/CMakeFiles/CMakeTmp'
Makefile:121: recipe for target 'cmTC_ad1e3/fast' failed
make: *** [cmTC_ad1e3/fast] Error 2

File /media/jintain/wd/weapons/tryit/cmake-build-debug/CMakeFiles/CMakeTmp/CheckSymbolExists.c:
/* */
#include <pthread.h>

int main(int argc, char** argv)
{
  (void)argv;
#ifndef pthread_create
  return ((int*)(&pthread_create))[argc];
#else
  (void)argc;
  return 0;
#endif
}

Determining if the function pthread_create exists in the pthreads failed with the following output:
Change Dir: /media/jintain/wd/weapons/tryit/cmake-build-debug/CMakeFiles/CMakeTmp

Run Build Command:"/usr/bin/make" "cmTC_4acc2/fast"
/usr/bin/make -f CMakeFiles/cmTC_4acc2.dir/build.make CMakeFiles/cmTC_4acc2.dir/build
make[1]: Entering directory '/media/jintain/wd/weapons/tryit/cmake-build-debug/CMakeFiles/CMakeTmp'
Building C object CMakeFiles/cmTC_4acc2.dir/CheckFunctionExists.c.o
/usr/bin/cc   -DCHECK_FUNCTION_EXISTS=pthread_create   -o CMakeFiles/cmTC_4acc2.dir/CheckFunctionExists.c.o   -c /opt/clion-2018.3.3/bin/cmake/linux/share/cmake-3.13/Modules/CheckFunctionExists.c
Linking C executable cmTC_4acc2
/opt/clion-2018.3.3/bin/cmake/linux/bin/cmake -E cmake_link_script CMakeFiles/cmTC_4acc2.dir/link.txt --verbose=1
/usr/bin/cc  -DCHECK_FUNCTION_EXISTS=pthread_create    -rdynamic CMakeFiles/cmTC_4acc2.dir/CheckFunctionExists.c.o  -o cmTC_4acc2 -lpthreads 
/usr/bin/x86_64-linux-gnu-ld: cannot find -lpthreads
collect2: error: ld returned 1 exit status
CMakeFiles/cmTC_4acc2.dir/build.make:86: recipe for target 'cmTC_4acc2' failed
make[1]: *** [cmTC_4acc2] Error 1
make[1]: Leaving directory '/media/jintain/wd/weapons/tryit/cmake-build-debug/CMakeFiles/CMakeTmp'
Makefile:121: recipe for target 'cmTC_4acc2/fast' failed
make: *** [cmTC_4acc2/fast] Error 2


